\BOOKMARK [1][-]{section.1}{\376\377\133\236\232\214\166\356\150\007\116\016\133\236\163\260\217\271\165\114}{}% 1
\BOOKMARK [2][-]{subsection.1.1}{\376\377\133\236\232\214\166\356\150\007}{section.1}% 2
\BOOKMARK [2][-]{subsection.1.2}{\376\377\133\236\163\260\217\271\165\114}{section.1}% 3
\BOOKMARK [1][-]{section.2}{\376\377\225\356\230\230\122\006\147\220}{}% 4
\BOOKMARK [2][-]{subsection.2.1}{\376\377\213\315\154\325\122\006\147\220\225\356\230\230}{section.2}% 5
\BOOKMARK [2][-]{subsection.2.2}{\376\377\213\355\154\325\122\006\147\220\225\356\230\230}{section.2}% 6
\BOOKMARK [1][-]{section.3}{\376\377\174\373\176\337\140\073\117\123\213\276\213\241}{}% 7
\BOOKMARK [2][-]{subsection.3.1}{\376\377\152\041\127\127\176\323\147\204}{section.3}% 8
\BOOKMARK [2][-]{subsection.3.2}{\376\377\150\070\137\303\145\160\143\156\155\101}{section.3}% 9
\BOOKMARK [1][-]{section.4}{\376\377\213\346\176\306\213\276\213\241}{}% 10
\BOOKMARK [2][-]{subsection.4.1}{\376\377\156\220\145\207\116\366\116\016\156\070\150\007}{section.4}% 11
\BOOKMARK [2][-]{subsection.4.2}{\376\377\000T\000o\000k\000e\000n\000\040\122\006\174\173\116\016\213\315\154\325\211\304\122\031}{section.4}% 12
\BOOKMARK [2][-]{subsection.4.3}{\376\377\145\207\154\325\136\372\152\041}{section.4}% 13
\BOOKMARK [2][-]{subsection.4.4}{\376\377\000N\000u\000l\000l\000a\000b\000l\000e\000\040\116\016\000\040\000F\000I\000R\000S\000T\000\040\226\306}{section.4}% 14
\BOOKMARK [2][-]{subsection.4.5}{\376\377\000C\000L\000R\000\050\0001\000\051\000\040\230\171\166\356\226\306\145\317\147\204\220\040}{section.4}% 15
\BOOKMARK [2][-]{subsection.4.6}{\376\377\000A\000C\000T\000I\000O\000N\000/\000G\000O\000T\000O\000\040\122\006\147\220\210\150}{section.4}% 16
\BOOKMARK [2][-]{subsection.4.7}{\376\377\210\150\232\161\122\250\213\355\154\325\122\006\147\220\116\016\000\040\000C\000S\000T\000\040\147\204\220\040}{section.4}% 17
\BOOKMARK [2][-]{subsection.4.8}{\376\377\122\115\172\357\177\023\133\130}{section.4}% 18
\BOOKMARK [1][-]{section.5}{\376\377\145\207\154\325\116\016\122\237\200\375\203\003\126\364}{}% 19
\BOOKMARK [2][-]{subsection.5.1}{\376\377\137\123\122\115\145\057\143\001\166\204\213\355\212\000\176\323\147\204}{section.5}% 20
\BOOKMARK [2][-]{subsection.5.2}{\376\377\171\072\117\213\172\013\136\217\211\206\166\326}{section.5}% 21
\BOOKMARK [1][-]{section.6}{\376\377\133\236\232\214\232\214\213\301}{}% 22
\BOOKMARK [2][-]{subsection.6.1}{\376\377\123\125\121\103\155\113\213\325\176\323\147\234}{section.6}% 23
\BOOKMARK [2][-]{subsection.6.2}{\376\377\176\374\124\010\150\067\117\213\217\320\210\114\176\323\147\234}{section.6}% 24
\BOOKMARK [1][-]{section.7}{\376\377\116\015\215\263\116\016\116\052\116\272\140\035\200\003}{}% 25
\BOOKMARK [2][-]{subsection.7.1}{\376\377\137\123\122\115\116\015\215\263}{section.7}% 26
\BOOKMARK [2][-]{subsection.7.2}{\376\377\116\052\116\272\140\035\200\003}{section.7}% 27
\BOOKMARK [1][-]{section.8}{\376\377\230\235\131\026\211\304\122\031\116\016\116\247\165\037\137\017\140\035\200\003}{}% 28
\BOOKMARK [2][-]{subsection.8.1}{\376\377\211\304\122\031\177\201\176\312\122\006\147\220}{section.8}% 29
\BOOKMARK [2][-]{subsection.8.2}{\376\377\137\142\123\302\122\027\210\150\123\357\213\306\122\053\213\355\212\000}{section.8}% 30
\BOOKMARK [2][-]{subsection.8.3}{\376\377\121\103\176\304\174\173\127\213\116\247\165\037\137\017\146\364\131\032\166\204\123\237\126\340}{section.8}% 31
\BOOKMARK [1][-]{section.9}{\376\377\176\323\213\272}{}% 32
